This file contains any messages produced by compilers while
running configure, to aid debugging if configure makes a mistake.

It was created by SoX configure 13.0.0, which was
generated by GNU Autoconf 2.59.  Invocation command line was

  $ ./configure 

## --------- ##
## Platform. ##
## --------- ##

hostname = Jaegus-MacBook-Air.local
uname -m = x86_64
uname -r = 14.1.0
uname -s = Darwin
uname -v = Darwin Kernel Version 14.1.0: Mon Dec 22 23:10:38 PST 2014; root:xnu-2782.10.72~2/RELEASE_X86_64

/usr/bin/uname -p = i386
/bin/uname -X     = unknown

/bin/arch              = unknown
/usr/bin/arch -k       = unknown
/usr/convex/getsysinfo = unknown
hostinfo               = Mach kernel version:
	 Darwin Kernel Version 14.1.0: Mon Dec 22 23:10:38 PST 2014; root:xnu-2782.10.72~2/RELEASE_X86_64
Kernel configured for up to 4 processors.
2 processors are physically available.
4 processors are logically available.
Processor type: x86_64h (Intel x86-64h Haswell)
Processors active: 0 1 2 3
Primary memory available: 8.00 gigabytes
Default processor set: 239 tasks, 985 threads, 4 processors
Load average: 0.81, Mach factor: 3.18
/bin/machine           = unknown
/usr/bin/oslevel       = unknown
/bin/universe          = unknown

PATH: /Library/Frameworks/Python.framework/Versions/2.7/bin
PATH: /usr/local/bin
PATH: /usr/bin
PATH: /bin
PATH: /usr/sbin
PATH: /sbin
PATH: /opt/X11/bin


## ----------- ##
## Core tests. ##
## ----------- ##

configure:1591: checking for a BSD-compatible install
configure:1646: result: /usr/bin/install -c
configure:1657: checking whether build environment is sane
configure:1700: result: yes
configure:1765: checking for gawk
configure:1794: result: no
configure:1765: checking for mawk
configure:1794: result: no
configure:1765: checking for nawk
configure:1794: result: no
configure:1765: checking for awk
configure:1781: found /usr/bin/awk
configure:1791: result: awk
configure:1801: checking whether make sets $(MAKE)
configure:1821: result: yes
configure:2041: checking for gcc
configure:2057: found /usr/bin/gcc
configure:2067: result: gcc
configure:2311: checking for C compiler version
configure:2314: gcc --version </dev/null >&5
Configured with: --prefix=/Applications/Xcode.app/Contents/Developer/usr --with-gxx-include-dir=/usr/include/c++/4.2.1
Apple LLVM version 6.0 (clang-600.0.54) (based on LLVM 3.5svn)
Target: x86_64-apple-darwin14.1.0
Thread model: posix
configure:2317: $? = 0
configure:2319: gcc -v </dev/null >&5
Configured with: --prefix=/Applications/Xcode.app/Contents/Developer/usr --with-gxx-include-dir=/usr/include/c++/4.2.1
Apple LLVM version 6.0 (clang-600.0.54) (based on LLVM 3.5svn)
Target: x86_64-apple-darwin14.1.0
Thread model: posix
configure:2322: $? = 0
configure:2324: gcc -V </dev/null >&5
clang: error: argument to '-V' is missing (expected 1 value)
clang: error: no input files
configure:2327: $? = 1
configure:2350: checking for C compiler default output file name
configure:2353: gcc    conftest.c  >&5
configure:2356: $? = 0
configure:2402: result: a.out
configure:2407: checking whether the C compiler works
configure:2413: ./a.out
configure:2416: $? = 0
configure:2433: result: yes
configure:2440: checking whether we are cross compiling
configure:2442: result: no
configure:2445: checking for suffix of executables
configure:2447: gcc -o conftest    conftest.c  >&5
configure:2450: $? = 0
configure:2475: result: 
configure:2481: checking for suffix of object files
configure:2502: gcc -c   conftest.c >&5
configure:2505: $? = 0
configure:2527: result: o
configure:2531: checking whether we are using the GNU C compiler
configure:2555: gcc -c   conftest.c >&5
configure:2561: $? = 0
configure:2565: test -z 
			 || test ! -s conftest.err
configure:2568: $? = 0
configure:2571: test -s conftest.o
configure:2574: $? = 0
configure:2587: result: yes
configure:2593: checking whether gcc accepts -g
configure:2614: gcc -c -g  conftest.c >&5
configure:2620: $? = 0
configure:2624: test -z 
			 || test ! -s conftest.err
configure:2627: $? = 0
configure:2630: test -s conftest.o
configure:2633: $? = 0
configure:2644: result: yes
configure:2661: checking for gcc option to accept ANSI C
configure:2731: gcc  -c -g -O2  conftest.c >&5
configure:2737: $? = 0
configure:2741: test -z 
			 || test ! -s conftest.err
configure:2744: $? = 0
configure:2747: test -s conftest.o
configure:2750: $? = 0
configure:2768: result: none needed
configure:2786: gcc -c -g -O2  conftest.c >&5
conftest.c:2:3: error: unknown type name 'choke'
  choke me
  ^
conftest.c:2:11: error: expected ';' after top level declarator
  choke me
          ^
          ;
2 errors generated.
configure:2792: $? = 1
configure: failed program was:
| #ifndef __cplusplus
|   choke me
| #endif
configure:2936: checking for style of include used by make
configure:2964: result: GNU
configure:2992: checking dependency style of gcc
configure:3082: result: gcc3
configure:3112: checking for a BSD-compatible install
configure:3167: result: /usr/bin/install -c
configure:3178: checking whether ln -s works
configure:3182: result: yes
configure:3267: checking build system type
configure:3285: result: i686-apple-darwin14.1.0
configure:3293: checking host system type
configure:3307: result: i686-apple-darwin14.1.0
configure:3315: checking for a sed that does not truncate output
configure:3371: result: /usr/bin/sed
configure:3374: checking for egrep
configure:3384: result: grep -E
configure:3400: checking for ld used by gcc
configure:3467: result: /Applications/Xcode.app/Contents/Developer/Toolchains/XcodeDefault.xctoolchain/usr/bin/ld
configure:3476: checking if the linker (/Applications/Xcode.app/Contents/Developer/Toolchains/XcodeDefault.xctoolchain/usr/bin/ld) is GNU ld
configure:3491: result: no
configure:3496: checking for /Applications/Xcode.app/Contents/Developer/Toolchains/XcodeDefault.xctoolchain/usr/bin/ld option to reload object files
configure:3503: result: -r
configure:3521: checking for BSD-compatible nm
configure:3570: result: /usr/bin/nm
configure:3574: checking how to recognise dependent libraries
configure:3750: result: pass_all
configure:3987: checking how to run the C preprocessor
configure:4022: gcc -E  conftest.c
configure:4028: $? = 0
configure:4060: gcc -E  conftest.c
conftest.c:11:10: fatal error: 'ac_nonexistent.h' file not found
#include <ac_nonexistent.h>
         ^
1 error generated.
configure:4066: $? = 1
configure: failed program was:
| /* confdefs.h.  */
| 
| #define PACKAGE_NAME "SoX"
| #define PACKAGE_TARNAME "sox"
| #define PACKAGE_VERSION "13.0.0"
| #define PACKAGE_STRING "SoX 13.0.0"
| #define PACKAGE_BUGREPORT "sox-devel@lists.sourceforge.net"
| #define PACKAGE "sox"
| #define VERSION "13.0.0"
| /* end confdefs.h.  */
| #include <ac_nonexistent.h>
configure:4105: result: gcc -E
configure:4129: gcc -E  conftest.c
configure:4135: $? = 0
configure:4167: gcc -E  conftest.c
conftest.c:11:10: fatal error: 'ac_nonexistent.h' file not found
#include <ac_nonexistent.h>
         ^
1 error generated.
configure:4173: $? = 1
configure: failed program was:
| /* confdefs.h.  */
| 
| #define PACKAGE_NAME "SoX"
| #define PACKAGE_TARNAME "sox"
| #define PACKAGE_VERSION "13.0.0"
| #define PACKAGE_STRING "SoX 13.0.0"
| #define PACKAGE_BUGREPORT "sox-devel@lists.sourceforge.net"
| #define PACKAGE "sox"
| #define VERSION "13.0.0"
| /* end confdefs.h.  */
| #include <ac_nonexistent.h>
configure:4217: checking for ANSI C header files
configure:4242: gcc -c -g -O2  conftest.c >&5
configure:4248: $? = 0
configure:4252: test -z 
			 || test ! -s conftest.err
configure:4255: $? = 0
configure:4258: test -s conftest.o
configure:4261: $? = 0
configure:4350: gcc -o conftest -g -O2   conftest.c  >&5
conftest.c:28:7: warning: implicitly declaring library function 'exit' with type 'void (int) __attribute__((noreturn))'
      exit(2);
      ^
conftest.c:28:7: note: please include the header <stdlib.h> or explicitly provide a declaration for 'exit'
1 warning generated.
configure:4353: $? = 0
configure:4355: ./conftest
configure:4358: $? = 0
configure:4373: result: yes
configure:4397: checking for sys/types.h
configure:4413: gcc -c -g -O2  conftest.c >&5
configure:4419: $? = 0
configure:4423: test -z 
			 || test ! -s conftest.err
configure:4426: $? = 0
configure:4429: test -s conftest.o
configure:4432: $? = 0
configure:4443: result: yes
configure:4397: checking for sys/stat.h
configure:4413: gcc -c -g -O2  conftest.c >&5
configure:4419: $? = 0
configure:4423: test -z 
			 || test ! -s conftest.err
configure:4426: $? = 0
configure:4429: test -s conftest.o
configure:4432: $? = 0
configure:4443: result: yes
configure:4397: checking for stdlib.h
configure:4413: gcc -c -g -O2  conftest.c >&5
configure:4419: $? = 0
configure:4423: test -z 
			 || test ! -s conftest.err
configure:4426: $? = 0
configure:4429: test -s conftest.o
configure:4432: $? = 0
configure:4443: result: yes
configure:4397: checking for string.h
configure:4413: gcc -c -g -O2  conftest.c >&5
configure:4419: $? = 0
configure:4423: test -z 
			 || test ! -s conftest.err
configure:4426: $? = 0
configure:4429: test -s conftest.o
configure:4432: $? = 0
configure:4443: result: yes
configure:4397: checking for memory.h
configure:4413: gcc -c -g -O2  conftest.c >&5
configure:4419: $? = 0
configure:4423: test -z 
			 || test ! -s conftest.err
configure:4426: $? = 0
configure:4429: test -s conftest.o
configure:4432: $? = 0
configure:4443: result: yes
configure:4397: checking for strings.h
configure:4413: gcc -c -g -O2  conftest.c >&5
configure:4419: $? = 0
configure:4423: test -z 
			 || test ! -s conftest.err
configure:4426: $? = 0
configure:4429: test -s conftest.o
configure:4432: $? = 0
configure:4443: result: yes
configure:4397: checking for inttypes.h
configure:4413: gcc -c -g -O2  conftest.c >&5
configure:4419: $? = 0
configure:4423: test -z 
			 || test ! -s conftest.err
configure:4426: $? = 0
configure:4429: test -s conftest.o
configure:4432: $? = 0
configure:4443: result: yes
configure:4397: checking for stdint.h
configure:4413: gcc -c -g -O2  conftest.c >&5
configure:4419: $? = 0
configure:4423: test -z 
			 || test ! -s conftest.err
configure:4426: $? = 0
configure:4429: test -s conftest.o
configure:4432: $? = 0
configure:4443: result: yes
configure:4397: checking for unistd.h
configure:4413: gcc -c -g -O2  conftest.c >&5
configure:4419: $? = 0
configure:4423: test -z 
			 || test ! -s conftest.err
configure:4426: $? = 0
configure:4429: test -s conftest.o
configure:4432: $? = 0
configure:4443: result: yes
configure:4469: checking dlfcn.h usability
configure:4481: gcc -c -g -O2  conftest.c >&5
configure:4487: $? = 0
configure:4491: test -z 
			 || test ! -s conftest.err
configure:4494: $? = 0
configure:4497: test -s conftest.o
configure:4500: $? = 0
configure:4510: result: yes
configure:4514: checking dlfcn.h presence
configure:4524: gcc -E  conftest.c
configure:4530: $? = 0
configure:4550: result: yes
configure:4585: checking for dlfcn.h
configure:4592: result: yes
configure:4657: checking for g++
configure:4673: found /usr/bin/g++
configure:4683: result: g++
configure:4699: checking for C++ compiler version
configure:4702: g++ --version </dev/null >&5
Configured with: --prefix=/Applications/Xcode.app/Contents/Developer/usr --with-gxx-include-dir=/usr/include/c++/4.2.1
Apple LLVM version 6.0 (clang-600.0.54) (based on LLVM 3.5svn)
Target: x86_64-apple-darwin14.1.0
Thread model: posix
configure:4705: $? = 0
configure:4707: g++ -v </dev/null >&5
Configured with: --prefix=/Applications/Xcode.app/Contents/Developer/usr --with-gxx-include-dir=/usr/include/c++/4.2.1
Apple LLVM version 6.0 (clang-600.0.54) (based on LLVM 3.5svn)
Target: x86_64-apple-darwin14.1.0
Thread model: posix
configure:4710: $? = 0
configure:4712: g++ -V </dev/null >&5
clang: error: argument to '-V' is missing (expected 1 value)
clang: error: no input files
configure:4715: $? = 1
configure:4718: checking whether we are using the GNU C++ compiler
configure:4742: g++ -c   conftest.cc >&5
configure:4748: $? = 0
configure:4752: test -z 
			 || test ! -s conftest.err
configure:4755: $? = 0
configure:4758: test -s conftest.o
configure:4761: $? = 0
configure:4774: result: yes
configure:4780: checking whether g++ accepts -g
configure:4801: g++ -c -g  conftest.cc >&5
configure:4807: $? = 0
configure:4811: test -z 
			 || test ! -s conftest.err
configure:4814: $? = 0
configure:4817: test -s conftest.o
configure:4820: $? = 0
configure:4831: result: yes
configure:4873: g++ -c -g -O2  conftest.cc >&5
configure:4879: $? = 0
configure:4883: test -z 
			 || test ! -s conftest.err
configure:4886: $? = 0
configure:4889: test -s conftest.o
configure:4892: $? = 0
configure:4918: g++ -c -g -O2  conftest.cc >&5
conftest.cc:26:1: error: use of undeclared identifier 'exit'
exit (42);
^
1 error generated.
configure:4924: $? = 1
configure: failed program was:
| /* confdefs.h.  */
| 
| #define PACKAGE_NAME "SoX"
| #define PACKAGE_TARNAME "sox"
| #define PACKAGE_VERSION "13.0.0"
| #define PACKAGE_STRING "SoX 13.0.0"
| #define PACKAGE_BUGREPORT "sox-devel@lists.sourceforge.net"
| #define PACKAGE "sox"
| #define VERSION "13.0.0"
| #define STDC_HEADERS 1
| #define HAVE_SYS_TYPES_H 1
| #define HAVE_SYS_STAT_H 1
| #define HAVE_STDLIB_H 1
| #define HAVE_STRING_H 1
| #define HAVE_MEMORY_H 1
| #define HAVE_STRINGS_H 1
| #define HAVE_INTTYPES_H 1
| #define HAVE_STDINT_H 1
| #define HAVE_UNISTD_H 1
| #define HAVE_DLFCN_H 1
| /* end confdefs.h.  */
| 
| int
| main ()
| {
| exit (42);
|   ;
|   return 0;
| }
configure:4873: g++ -c -g -O2  conftest.cc >&5
conftest.cc:22:17: error: use of undeclared identifier 'std'
extern "C" void std::exit (int) throw (); using std::exit;
                ^
conftest.cc:22:49: error: use of undeclared identifier 'std'
extern "C" void std::exit (int) throw (); using std::exit;
                                                ^
2 errors generated.
configure:4879: $? = 1
configure: failed program was:
| /* confdefs.h.  */
| 
| #define PACKAGE_NAME "SoX"
| #define PACKAGE_TARNAME "sox"
| #define PACKAGE_VERSION "13.0.0"
| #define PACKAGE_STRING "SoX 13.0.0"
| #define PACKAGE_BUGREPORT "sox-devel@lists.sourceforge.net"
| #define PACKAGE "sox"
| #define VERSION "13.0.0"
| #define STDC_HEADERS 1
| #define HAVE_SYS_TYPES_H 1
| #define HAVE_SYS_STAT_H 1
| #define HAVE_STDLIB_H 1
| #define HAVE_STRING_H 1
| #define HAVE_MEMORY_H 1
| #define HAVE_STRINGS_H 1
| #define HAVE_INTTYPES_H 1
| #define HAVE_STDINT_H 1
| #define HAVE_UNISTD_H 1
| #define HAVE_DLFCN_H 1
| /* end confdefs.h.  */
| extern "C" void std::exit (int) throw (); using std::exit;
| #include <stdlib.h>
| int
| main ()
| {
| exit (42);
|   ;
|   return 0;
| }
configure:4873: g++ -c -g -O2  conftest.cc >&5
conftest.cc:22:17: error: use of undeclared identifier 'std'
extern "C" void std::exit (int); using std::exit;
                ^
conftest.cc:22:40: error: use of undeclared identifier 'std'
extern "C" void std::exit (int); using std::exit;
                                       ^
2 errors generated.
configure:4879: $? = 1
configure: failed program was:
| /* confdefs.h.  */
| 
| #define PACKAGE_NAME "SoX"
| #define PACKAGE_TARNAME "sox"
| #define PACKAGE_VERSION "13.0.0"
| #define PACKAGE_STRING "SoX 13.0.0"
| #define PACKAGE_BUGREPORT "sox-devel@lists.sourceforge.net"
| #define PACKAGE "sox"
| #define VERSION "13.0.0"
| #define STDC_HEADERS 1
| #define HAVE_SYS_TYPES_H 1
| #define HAVE_SYS_STAT_H 1
| #define HAVE_STDLIB_H 1
| #define HAVE_STRING_H 1
| #define HAVE_MEMORY_H 1
| #define HAVE_STRINGS_H 1
| #define HAVE_INTTYPES_H 1
| #define HAVE_STDINT_H 1
| #define HAVE_UNISTD_H 1
| #define HAVE_DLFCN_H 1
| /* end confdefs.h.  */
| extern "C" void std::exit (int); using std::exit;
| #include <stdlib.h>
| int
| main ()
| {
| exit (42);
|   ;
|   return 0;
| }
configure:4873: g++ -c -g -O2  conftest.cc >&5
configure:4879: $? = 0
configure:4883: test -z 
			 || test ! -s conftest.err
configure:4886: $? = 0
configure:4889: test -s conftest.o
configure:4892: $? = 0
configure:4918: g++ -c -g -O2  conftest.cc >&5
configure:4924: $? = 0
configure:4928: test -z 
			 || test ! -s conftest.err
configure:4931: $? = 0
configure:4934: test -s conftest.o
configure:4937: $? = 0
configure:4962: checking dependency style of g++
configure:5052: result: gcc3
configure:5079: checking how to run the C++ preprocessor
configure:5110: g++ -E  conftest.cc
configure:5116: $? = 0
configure:5148: g++ -E  conftest.cc
conftest.cc:25:10: fatal error: 'ac_nonexistent.h' file not found
#include <ac_nonexistent.h>
         ^
1 error generated.
configure:5154: $? = 1
configure: failed program was:
| /* confdefs.h.  */
| 
| #define PACKAGE_NAME "SoX"
| #define PACKAGE_TARNAME "sox"
| #define PACKAGE_VERSION "13.0.0"
| #define PACKAGE_STRING "SoX 13.0.0"
| #define PACKAGE_BUGREPORT "sox-devel@lists.sourceforge.net"
| #define PACKAGE "sox"
| #define VERSION "13.0.0"
| #define STDC_HEADERS 1
| #define HAVE_SYS_TYPES_H 1
| #define HAVE_SYS_STAT_H 1
| #define HAVE_STDLIB_H 1
| #define HAVE_STRING_H 1
| #define HAVE_MEMORY_H 1
| #define HAVE_STRINGS_H 1
| #define HAVE_INTTYPES_H 1
| #define HAVE_STDINT_H 1
| #define HAVE_UNISTD_H 1
| #define HAVE_DLFCN_H 1
| #ifdef __cplusplus
| extern "C" void exit (int) throw ();
| #endif
| /* end confdefs.h.  */
| #include <ac_nonexistent.h>
configure:5193: result: g++ -E
configure:5217: g++ -E  conftest.cc
configure:5223: $? = 0
configure:5255: g++ -E  conftest.cc
conftest.cc:25:10: fatal error: 'ac_nonexistent.h' file not found
#include <ac_nonexistent.h>
         ^
1 error generated.
configure:5261: $? = 1
configure: failed program was:
| /* confdefs.h.  */
| 
| #define PACKAGE_NAME "SoX"
| #define PACKAGE_TARNAME "sox"
| #define PACKAGE_VERSION "13.0.0"
| #define PACKAGE_STRING "SoX 13.0.0"
| #define PACKAGE_BUGREPORT "sox-devel@lists.sourceforge.net"
| #define PACKAGE "sox"
| #define VERSION "13.0.0"
| #define STDC_HEADERS 1
| #define HAVE_SYS_TYPES_H 1
| #define HAVE_SYS_STAT_H 1
| #define HAVE_STDLIB_H 1
| #define HAVE_STRING_H 1
| #define HAVE_MEMORY_H 1
| #define HAVE_STRINGS_H 1
| #define HAVE_INTTYPES_H 1
| #define HAVE_STDINT_H 1
| #define HAVE_UNISTD_H 1
| #define HAVE_DLFCN_H 1
| #ifdef __cplusplus
| extern "C" void exit (int) throw ();
| #endif
| /* end confdefs.h.  */
| #include <ac_nonexistent.h>
configure:5358: checking for g77
configure:5387: result: no
configure:5358: checking for f77
configure:5387: result: no
configure:5358: checking for xlf
configure:5387: result: no
configure:5358: checking for frt
configure:5387: result: no
configure:5358: checking for pgf77
configure:5387: result: no
configure:5358: checking for fort77
configure:5387: result: no
configure:5358: checking for fl32
configure:5387: result: no
configure:5358: checking for af77
configure:5387: result: no
configure:5358: checking for f90
configure:5387: result: no
configure:5358: checking for xlf90
configure:5387: result: no
configure:5358: checking for pgf90
configure:5387: result: no
configure:5358: checking for epcf90
configure:5387: result: no
configure:5358: checking for f95
configure:5387: result: no
configure:5358: checking for fort
configure:5387: result: no
configure:5358: checking for xlf95
configure:5387: result: no
configure:5358: checking for ifc
configure:5387: result: no
configure:5358: checking for efc
configure:5387: result: no
configure:5358: checking for pgf95
configure:5387: result: no
configure:5358: checking for lf95
configure:5387: result: no
configure:5358: checking for gfortran
configure:5387: result: no
configure:5399: checking for Fortran 77 compiler version
configure:5402:  --version </dev/null >&5
./configure: line 5403: --version: command not found
configure:5405: $? = 127
configure:5407:  -v </dev/null >&5
./configure: line 5408: -v: command not found
configure:5410: $? = 127
configure:5412:  -V </dev/null >&5
./configure: line 5413: -V: command not found
configure:5415: $? = 127
configure:5423: checking whether we are using the GNU Fortran 77 compiler
configure:5437:  -c  conftest.F >&5
./configure: line 5438: -c: command not found
configure:5443: $? = 127
configure: failed program was:
|       program main
| #ifndef __GNUC__
|        choke me
| #endif
| 
|       end
configure:5469: result: no
configure:5475: checking whether  accepts -g
configure:5487:  -c -g conftest.f >&5
./configure: line 5488: -c: command not found
configure:5493: $? = 127
configure: failed program was:
|       program main
| 
|       end
configure:5518: result: no
configure:5548: checking the maximum length of command line arguments
configure:5657: result: 196608
configure:5668: checking command to parse /usr/bin/nm output from gcc object
configure:5773: gcc -c -g -O2  conftest.c >&5
configure:5776: $? = 0
configure:5780: /usr/bin/nm conftest.o \| sed -n -e 's/^.*[ 	]\([BCDEGRST][BCDEGRST]*\)[ 	][ 	]*\([_A-Za-z][_A-Za-z0-9]*\)$/\1 \2 \2/p' \> conftest.nm
configure:5783: $? = 0
cannot find nm_test_var in conftest.nm
configure:5773: gcc -c -g -O2  conftest.c >&5
configure:5776: $? = 0
configure:5780: /usr/bin/nm conftest.o \| sed -n -e 's/^.*[ 	]\([BCDEGRST][BCDEGRST]*\)[ 	][ 	]*_\([_A-Za-z][_A-Za-z0-9]*\)$/\1 _\2 \2/p' \> conftest.nm
configure:5783: $? = 0
configure:5835: gcc -o conftest -g -O2   conftest.c conftstm.o >&5
configure:5838: $? = 0
configure:5876: result: ok
configure:5880: checking for objdir
configure:5895: result: .libs
configure:5985: checking for ar
configure:6001: found /usr/bin/ar
configure:6012: result: ar
configure:6065: checking for ranlib
configure:6081: found /usr/bin/ranlib
configure:6092: result: ranlib
configure:6145: checking for strip
configure:6161: found /usr/bin/strip
configure:6172: result: strip
configure:6444: checking if gcc supports -fno-rtti -fno-exceptions
configure:6462: gcc -c -g -O2  -fno-rtti -fno-exceptions conftest.c >&5
configure:6466: $? = 0
configure:6479: result: yes
configure:6494: checking for gcc option to produce PIC
configure:6704: result: -fno-common
configure:6712: checking if gcc PIC flag -fno-common works
configure:6730: gcc -c -g -O2  -fno-common -DPIC conftest.c >&5
configure:6734: $? = 0
configure:6747: result: yes
configure:6775: checking if gcc static flag -static works
configure:6803: result: no
configure:6813: checking if gcc supports -c -o file.o
configure:6834: gcc -c -g -O2  -o out/conftest2.o conftest.c >&5
configure:6838: $? = 0
configure:6860: result: yes
configure:6886: checking whether the gcc linker (/Applications/Xcode.app/Contents/Developer/Toolchains/XcodeDefault.xctoolchain/usr/bin/ld) supports shared libraries
configure:7844: result: yes
configure:7911: checking dynamic linker characteristics
configure:8520: result: darwin14.1.0 dyld
configure:8529: checking how to hardcode library paths into programs
configure:8554: result: immediate
configure:8568: checking whether stripping libraries is possible
configure:8581: result: yes
configure:9407: checking if libtool supports shared libraries
configure:9409: result: yes
configure:9412: checking whether to build shared libraries
configure:9433: result: yes
configure:9436: checking whether to build static libraries
configure:9440: result: yes
configure:9532: creating libtool
configure:10123: checking for ld used by g++
configure:10190: result: /Applications/Xcode.app/Contents/Developer/Toolchains/XcodeDefault.xctoolchain/usr/bin/ld
configure:10199: checking if the linker (/Applications/Xcode.app/Contents/Developer/Toolchains/XcodeDefault.xctoolchain/usr/bin/ld) is GNU ld
configure:10214: result: no
configure:10265: checking whether the g++ linker (/Applications/Xcode.app/Contents/Developer/Toolchains/XcodeDefault.xctoolchain/usr/bin/ld) supports shared libraries
configure:11203: result: yes
configure:11221: g++ -c -g -O2  conftest.cpp >&5
configure:11224: $? = 0
configure:11343: checking for g++ option to produce PIC
configure:11617: result: -fno-common
configure:11625: checking if g++ PIC flag -fno-common works
configure:11643: g++ -c -g -O2  -fno-common -DPIC conftest.cpp >&5
configure:11647: $? = 0
configure:11660: result: yes
configure:11688: checking if g++ static flag -static works
configure:11716: result: no
configure:11726: checking if g++ supports -c -o file.o
configure:11747: g++ -c -g -O2  -o out/conftest2.o conftest.cpp >&5
configure:11751: $? = 0
configure:11773: result: yes
configure:11799: checking whether the g++ linker (/Applications/Xcode.app/Contents/Developer/Toolchains/XcodeDefault.xctoolchain/usr/bin/ld) supports shared libraries
configure:11824: result: yes
configure:11891: checking dynamic linker characteristics
configure:12500: result: darwin14.1.0 dyld
configure:12509: checking how to hardcode library paths into programs
configure:12534: result: immediate
configure:18787: checking for pkg-config
configure:18820: result: no
configure:18845: checking if we want a debug build
configure:18865: result: no
configure:18874: checking whether byte ordering is bigendian
configure:18901: gcc -c -g -O2 -Wall -W -Wmissing-prototypes -Wstrict-prototypes -pedantic  conftest.c >&5
configure:18907: $? = 0
configure:18911: test -z 
			 || test ! -s conftest.err
configure:18914: $? = 0
configure:18917: test -s conftest.o
configure:18920: $? = 0
configure:18944: gcc -c -g -O2 -Wall -W -Wmissing-prototypes -Wstrict-prototypes -pedantic  conftest.c >&5
conftest.c:32:2: error: use of undeclared identifier 'not'
 not big endian
 ^
1 error generated.
configure:18950: $? = 1
configure: failed program was:
| /* confdefs.h.  */
| 
| #define PACKAGE_NAME "SoX"
| #define PACKAGE_TARNAME "sox"
| #define PACKAGE_VERSION "13.0.0"
| #define PACKAGE_STRING "SoX 13.0.0"
| #define PACKAGE_BUGREPORT "sox-devel@lists.sourceforge.net"
| #define PACKAGE "sox"
| #define VERSION "13.0.0"
| #define STDC_HEADERS 1
| #define HAVE_SYS_TYPES_H 1
| #define HAVE_SYS_STAT_H 1
| #define HAVE_STDLIB_H 1
| #define HAVE_STRING_H 1
| #define HAVE_MEMORY_H 1
| #define HAVE_STRINGS_H 1
| #define HAVE_INTTYPES_H 1
| #define HAVE_STDINT_H 1
| #define HAVE_UNISTD_H 1
| #define HAVE_DLFCN_H 1
| #ifdef __cplusplus
| extern "C" void exit (int) throw ();
| #endif
| /* end confdefs.h.  */
| #include <sys/types.h>
| #include <sys/param.h>
| 
| int
| main ()
| {
| #if BYTE_ORDER != BIG_ENDIAN
|  not big endian
| #endif
| 
|   ;
|   return 0;
| }
configure:19085: result: no
configure:19104: checking for inline
configure:19125: gcc -c -g -O2 -Wall -W -Wmissing-prototypes -Wstrict-prototypes -pedantic  conftest.c >&5
conftest.c:27:21: warning: unused function 'static_foo' [-Wunused-function]
static inline foo_t static_foo () {return 0; }
                    ^
1 warning generated.
configure:19131: $? = 0
configure:19135: test -z 
			 || test ! -s conftest.err
configure:19138: $? = 0
configure:19141: test -s conftest.o
configure:19144: $? = 0
configure:19156: result: inline
configure:19176: checking for ANSI C header files
configure:19332: result: yes
configure:19358: checking fcntl.h usability
configure:19370: gcc -c -g -O2 -Wall -W -Wmissing-prototypes -Wstrict-prototypes -pedantic  conftest.c >&5
configure:19376: $? = 0
configure:19380: test -z 
			 || test ! -s conftest.err
configure:19383: $? = 0
configure:19386: test -s conftest.o
configure:19389: $? = 0
configure:19399: result: yes
configure:19403: checking fcntl.h presence
configure:19413: gcc -E  conftest.c
configure:19419: $? = 0
configure:19439: result: yes
configure:19474: checking for fcntl.h
configure:19481: result: yes
configure:19349: checking for unistd.h
configure:19354: result: yes
configure:19358: checking byteswap.h usability
configure:19370: gcc -c -g -O2 -Wall -W -Wmissing-prototypes -Wstrict-prototypes -pedantic  conftest.c >&5
conftest.c:62:10: fatal error: 'byteswap.h' file not found
#include <byteswap.h>
         ^
1 error generated.
configure:19376: $? = 1
configure: failed program was:
| /* confdefs.h.  */
| 
| #define PACKAGE_NAME "SoX"
| #define PACKAGE_TARNAME "sox"
| #define PACKAGE_VERSION "13.0.0"
| #define PACKAGE_STRING "SoX 13.0.0"
| #define PACKAGE_BUGREPORT "sox-devel@lists.sourceforge.net"
| #define PACKAGE "sox"
| #define VERSION "13.0.0"
| #define STDC_HEADERS 1
| #define HAVE_SYS_TYPES_H 1
| #define HAVE_SYS_STAT_H 1
| #define HAVE_STDLIB_H 1
| #define HAVE_STRING_H 1
| #define HAVE_MEMORY_H 1
| #define HAVE_STRINGS_H 1
| #define HAVE_INTTYPES_H 1
| #define HAVE_STDINT_H 1
| #define HAVE_UNISTD_H 1
| #define HAVE_DLFCN_H 1
| #ifdef __cplusplus
| extern "C" void exit (int) throw ();
| #endif
| #define STDC_HEADERS 1
| #define HAVE_FCNTL_H 1
| #define HAVE_UNISTD_H 1
| /* end confdefs.h.  */
| #include <stdio.h>
| #if HAVE_SYS_TYPES_H
| # include <sys/types.h>
| #endif
| #if HAVE_SYS_STAT_H
| # include <sys/stat.h>
| #endif
| #if STDC_HEADERS
| # include <stdlib.h>
| # include <stddef.h>
| #else
| # if HAVE_STDLIB_H
| #  include <stdlib.h>
| # endif
| #endif
| #if HAVE_STRING_H
| # if !STDC_HEADERS && HAVE_MEMORY_H
| #  include <memory.h>
| # endif
| # include <string.h>
| #endif
| #if HAVE_STRINGS_H
| # include <strings.h>
| #endif
| #if HAVE_INTTYPES_H
| # include <inttypes.h>
| #else
| # if HAVE_STDINT_H
| #  include <stdint.h>
| # endif
| #endif
| #if HAVE_UNISTD_H
| # include <unistd.h>
| #endif
| #include <byteswap.h>
configure:19399: result: no
configure:19403: checking byteswap.h presence
configure:19413: gcc -E  conftest.c
conftest.c:28:10: fatal error: 'byteswap.h' file not found
#include <byteswap.h>
         ^
1 error generated.
configure:19419: $? = 1
configure: failed program was:
| /* confdefs.h.  */
| 
| #define PACKAGE_NAME "SoX"
| #define PACKAGE_TARNAME "sox"
| #define PACKAGE_VERSION "13.0.0"
| #define PACKAGE_STRING "SoX 13.0.0"
| #define PACKAGE_BUGREPORT "sox-devel@lists.sourceforge.net"
| #define PACKAGE "sox"
| #define VERSION "13.0.0"
| #define STDC_HEADERS 1
| #define HAVE_SYS_TYPES_H 1
| #define HAVE_SYS_STAT_H 1
| #define HAVE_STDLIB_H 1
| #define HAVE_STRING_H 1
| #define HAVE_MEMORY_H 1
| #define HAVE_STRINGS_H 1
| #define HAVE_INTTYPES_H 1
| #define HAVE_STDINT_H 1
| #define HAVE_UNISTD_H 1
| #define HAVE_DLFCN_H 1
| #ifdef __cplusplus
| extern "C" void exit (int) throw ();
| #endif
| #define STDC_HEADERS 1
| #define HAVE_FCNTL_H 1
| #define HAVE_UNISTD_H 1
| /* end confdefs.h.  */
| #include <byteswap.h>
configure:19439: result: no
configure:19474: checking for byteswap.h
configure:19481: result: no
configure:19500: checking for strcasecmp
configure:19557: gcc -o conftest -g -O2 -Wall -W -Wmissing-prototypes -Wstrict-prototypes -pedantic   conftest.c  >&5
conftest.c:52:6: warning: incompatible redeclaration of library function 'strcasecmp' [-Wincompatible-library-redeclaration]
char strcasecmp ();
     ^
conftest.c:52:6: note: 'strcasecmp' is a builtin with type 'int (const char *, const char *)'
1 warning generated.
configure:19563: $? = 0
configure:19567: test -z 
			 || test ! -s conftest.err
configure:19570: $? = 0
configure:19573: test -s conftest
configure:19576: $? = 0
configure:19588: result: yes
configure:19500: checking for strdup
configure:19557: gcc -o conftest -g -O2 -Wall -W -Wmissing-prototypes -Wstrict-prototypes -pedantic   conftest.c  >&5
conftest.c:53:6: warning: incompatible redeclaration of library function 'strdup' [-Wincompatible-library-redeclaration]
char strdup ();
     ^
conftest.c:53:6: note: 'strdup' is a builtin with type 'char *(const char *)'
1 warning generated.
configure:19563: $? = 0
configure:19567: test -z 
			 || test ! -s conftest.err
configure:19570: $? = 0
configure:19573: test -s conftest
configure:19576: $? = 0
configure:19588: result: yes
configure:19602: checking for getopt_long
configure:19659: gcc -o conftest -g -O2 -Wall -W -Wmissing-prototypes -Wstrict-prototypes -pedantic   conftest.c  >&5
configure:19665: $? = 0
configure:19669: test -z 
			 || test ! -s conftest.err
configure:19672: $? = 0
configure:19675: test -s conftest
configure:19678: $? = 0
configure:19690: result: yes
configure:19721: checking if math library is required during link...
configure:19723: checking for pow
configure:19780: gcc -o conftest -g -O2 -Wall -W -Wmissing-prototypes -Wstrict-prototypes -pedantic   conftest.c  >&5
conftest.c:55:6: warning: incompatible redeclaration of library function 'pow' [-Wincompatible-library-redeclaration]
char pow ();
     ^
conftest.c:55:6: note: 'pow' is a builtin with type 'double (double, double)'
1 warning generated.
configure:19786: $? = 0
configure:19790: test -z 
			 || test ! -s conftest.err
configure:19793: $? = 0
configure:19796: test -s conftest
configure:19799: $? = 0
configure:19811: result: yes
configure:19898: checking for special C compiler options needed for large files
configure:19997: result: no
configure:20003: checking for _FILE_OFFSET_BITS value needed for large files
configure:20034: gcc -c -g -O2 -Wall -W -Wmissing-prototypes -Wstrict-prototypes -pedantic  conftest.c >&5
configure:20040: $? = 0
configure:20044: test -z 
			 || test ! -s conftest.err
configure:20047: $? = 0
configure:20050: test -s conftest.o
configure:20053: $? = 0
configure:20118: result: no
configure:20128: checking for _LARGE_FILES value needed for large files
configure:20159: gcc -c -g -O2 -Wall -W -Wmissing-prototypes -Wstrict-prototypes -pedantic  conftest.c >&5
configure:20165: $? = 0
configure:20169: test -z 
			 || test ! -s conftest.err
configure:20172: $? = 0
configure:20175: test -s conftest.o
configure:20178: $? = 0
configure:20243: result: no
configure:20255: checking for _LARGEFILE_SOURCE value needed for large files
configure:20278: gcc -c -g -O2 -Wall -W -Wmissing-prototypes -Wstrict-prototypes -pedantic  conftest.c >&5
configure:20284: $? = 0
configure:20288: test -z 
			 || test ! -s conftest.err
configure:20291: $? = 0
configure:20294: test -s conftest.o
configure:20297: $? = 0
configure:20354: result: no
configure:20368: checking for fseeko
configure:20389: gcc -o conftest -g -O2 -Wall -W -Wmissing-prototypes -Wstrict-prototypes -pedantic   conftest.c  >&5
configure:20395: $? = 0
configure:20399: test -z 
			 || test ! -s conftest.err
configure:20402: $? = 0
configure:20405: test -s conftest
configure:20408: $? = 0
configure:20420: result: yes
configure:20452: checking alsa/asoundlib.h usability
configure:20464: gcc -c -g -O2 -Wall -W -Wmissing-prototypes -Wstrict-prototypes -pedantic  conftest.c >&5
conftest.c:66:10: fatal error: 'alsa/asoundlib.h' file not found
#include <alsa/asoundlib.h>
         ^
1 error generated.
configure:20470: $? = 1
configure: failed program was:
| /* confdefs.h.  */
| 
| #define PACKAGE_NAME "SoX"
| #define PACKAGE_TARNAME "sox"
| #define PACKAGE_VERSION "13.0.0"
| #define PACKAGE_STRING "SoX 13.0.0"
| #define PACKAGE_BUGREPORT "sox-devel@lists.sourceforge.net"
| #define PACKAGE "sox"
| #define VERSION "13.0.0"
| #define STDC_HEADERS 1
| #define HAVE_SYS_TYPES_H 1
| #define HAVE_SYS_STAT_H 1
| #define HAVE_STDLIB_H 1
| #define HAVE_STRING_H 1
| #define HAVE_MEMORY_H 1
| #define HAVE_STRINGS_H 1
| #define HAVE_INTTYPES_H 1
| #define HAVE_STDINT_H 1
| #define HAVE_UNISTD_H 1
| #define HAVE_DLFCN_H 1
| #ifdef __cplusplus
| extern "C" void exit (int) throw ();
| #endif
| #define STDC_HEADERS 1
| #define HAVE_FCNTL_H 1
| #define HAVE_UNISTD_H 1
| #define HAVE_STRCASECMP 1
| #define HAVE_STRDUP 1
| #define HAVE_GETOPT_LONG 1
| #define HAVE_FSEEKO 1
| /* end confdefs.h.  */
| #include <stdio.h>
| #if HAVE_SYS_TYPES_H
| # include <sys/types.h>
| #endif
| #if HAVE_SYS_STAT_H
| # include <sys/stat.h>
| #endif
| #if STDC_HEADERS
| # include <stdlib.h>
| # include <stddef.h>
| #else
| # if HAVE_STDLIB_H
| #  include <stdlib.h>
| # endif
| #endif
| #if HAVE_STRING_H
| # if !STDC_HEADERS && HAVE_MEMORY_H
| #  include <memory.h>
| # endif
| # include <string.h>
| #endif
| #if HAVE_STRINGS_H
| # include <strings.h>
| #endif
| #if HAVE_INTTYPES_H
| # include <inttypes.h>
| #else
| # if HAVE_STDINT_H
| #  include <stdint.h>
| # endif
| #endif
| #if HAVE_UNISTD_H
| # include <unistd.h>
| #endif
| #include <alsa/asoundlib.h>
configure:20493: result: no
configure:20497: checking alsa/asoundlib.h presence
configure:20507: gcc -E  conftest.c
conftest.c:32:10: fatal error: 'alsa/asoundlib.h' file not found
#include <alsa/asoundlib.h>
         ^
1 error generated.
configure:20513: $? = 1
configure: failed program was:
| /* confdefs.h.  */
| 
| #define PACKAGE_NAME "SoX"
| #define PACKAGE_TARNAME "sox"
| #define PACKAGE_VERSION "13.0.0"
| #define PACKAGE_STRING "SoX 13.0.0"
| #define PACKAGE_BUGREPORT "sox-devel@lists.sourceforge.net"
| #define PACKAGE "sox"
| #define VERSION "13.0.0"
| #define STDC_HEADERS 1
| #define HAVE_SYS_TYPES_H 1
| #define HAVE_SYS_STAT_H 1
| #define HAVE_STDLIB_H 1
| #define HAVE_STRING_H 1
| #define HAVE_MEMORY_H 1
| #define HAVE_STRINGS_H 1
| #define HAVE_INTTYPES_H 1
| #define HAVE_STDINT_H 1
| #define HAVE_UNISTD_H 1
| #define HAVE_DLFCN_H 1
| #ifdef __cplusplus
| extern "C" void exit (int) throw ();
| #endif
| #define STDC_HEADERS 1
| #define HAVE_FCNTL_H 1
| #define HAVE_UNISTD_H 1
| #define HAVE_STRCASECMP 1
| #define HAVE_STRDUP 1
| #define HAVE_GETOPT_LONG 1
| #define HAVE_FSEEKO 1
| /* end confdefs.h.  */
| #include <alsa/asoundlib.h>
configure:20533: result: no
configure:20568: checking for alsa/asoundlib.h
configure:20575: result: no
configure:20689: checking sys/soundcard.h usability
configure:20701: gcc -c -g -O2 -Wall -W -Wmissing-prototypes -Wstrict-prototypes -pedantic  conftest.c >&5
conftest.c:66:10: fatal error: 'sys/soundcard.h' file not found
#include <sys/soundcard.h>
         ^
1 error generated.
configure:20707: $? = 1
configure: failed program was:
| /* confdefs.h.  */
| 
| #define PACKAGE_NAME "SoX"
| #define PACKAGE_TARNAME "sox"
| #define PACKAGE_VERSION "13.0.0"
| #define PACKAGE_STRING "SoX 13.0.0"
| #define PACKAGE_BUGREPORT "sox-devel@lists.sourceforge.net"
| #define PACKAGE "sox"
| #define VERSION "13.0.0"
| #define STDC_HEADERS 1
| #define HAVE_SYS_TYPES_H 1
| #define HAVE_SYS_STAT_H 1
| #define HAVE_STDLIB_H 1
| #define HAVE_STRING_H 1
| #define HAVE_MEMORY_H 1
| #define HAVE_STRINGS_H 1
| #define HAVE_INTTYPES_H 1
| #define HAVE_STDINT_H 1
| #define HAVE_UNISTD_H 1
| #define HAVE_DLFCN_H 1
| #ifdef __cplusplus
| extern "C" void exit (int) throw ();
| #endif
| #define STDC_HEADERS 1
| #define HAVE_FCNTL_H 1
| #define HAVE_UNISTD_H 1
| #define HAVE_STRCASECMP 1
| #define HAVE_STRDUP 1
| #define HAVE_GETOPT_LONG 1
| #define HAVE_FSEEKO 1
| /* end confdefs.h.  */
| #include <stdio.h>
| #if HAVE_SYS_TYPES_H
| # include <sys/types.h>
| #endif
| #if HAVE_SYS_STAT_H
| # include <sys/stat.h>
| #endif
| #if STDC_HEADERS
| # include <stdlib.h>
| # include <stddef.h>
| #else
| # if HAVE_STDLIB_H
| #  include <stdlib.h>
| # endif
| #endif
| #if HAVE_STRING_H
| # if !STDC_HEADERS && HAVE_MEMORY_H
| #  include <memory.h>
| # endif
| # include <string.h>
| #endif
| #if HAVE_STRINGS_H
| # include <strings.h>
| #endif
| #if HAVE_INTTYPES_H
| # include <inttypes.h>
| #else
| # if HAVE_STDINT_H
| #  include <stdint.h>
| # endif
| #endif
| #if HAVE_UNISTD_H
| # include <unistd.h>
| #endif
| #include <sys/soundcard.h>
configure:20730: result: no
configure:20734: checking sys/soundcard.h presence
configure:20744: gcc -E  conftest.c
conftest.c:32:10: fatal error: 'sys/soundcard.h' file not found
#include <sys/soundcard.h>
         ^
1 error generated.
configure:20750: $? = 1
configure: failed program was:
| /* confdefs.h.  */
| 
| #define PACKAGE_NAME "SoX"
| #define PACKAGE_TARNAME "sox"
| #define PACKAGE_VERSION "13.0.0"
| #define PACKAGE_STRING "SoX 13.0.0"
| #define PACKAGE_BUGREPORT "sox-devel@lists.sourceforge.net"
| #define PACKAGE "sox"
| #define VERSION "13.0.0"
| #define STDC_HEADERS 1
| #define HAVE_SYS_TYPES_H 1
| #define HAVE_SYS_STAT_H 1
| #define HAVE_STDLIB_H 1
| #define HAVE_STRING_H 1
| #define HAVE_MEMORY_H 1
| #define HAVE_STRINGS_H 1
| #define HAVE_INTTYPES_H 1
| #define HAVE_STDINT_H 1
| #define HAVE_UNISTD_H 1
| #define HAVE_DLFCN_H 1
| #ifdef __cplusplus
| extern "C" void exit (int) throw ();
| #endif
| #define STDC_HEADERS 1
| #define HAVE_FCNTL_H 1
| #define HAVE_UNISTD_H 1
| #define HAVE_STRCASECMP 1
| #define HAVE_STRDUP 1
| #define HAVE_GETOPT_LONG 1
| #define HAVE_FSEEKO 1
| /* end confdefs.h.  */
| #include <sys/soundcard.h>
configure:20770: result: no
configure:20805: checking for sys/soundcard.h
configure:20812: result: no
configure:20839: checking machine/soundcard.h usability
configure:20851: gcc -c -g -O2 -Wall -W -Wmissing-prototypes -Wstrict-prototypes -pedantic  conftest.c >&5
conftest.c:66:10: fatal error: 'machine/soundcard.h' file not found
#include <machine/soundcard.h>
         ^
1 error generated.
configure:20857: $? = 1
configure: failed program was:
| /* confdefs.h.  */
| 
| #define PACKAGE_NAME "SoX"
| #define PACKAGE_TARNAME "sox"
| #define PACKAGE_VERSION "13.0.0"
| #define PACKAGE_STRING "SoX 13.0.0"
| #define PACKAGE_BUGREPORT "sox-devel@lists.sourceforge.net"
| #define PACKAGE "sox"
| #define VERSION "13.0.0"
| #define STDC_HEADERS 1
| #define HAVE_SYS_TYPES_H 1
| #define HAVE_SYS_STAT_H 1
| #define HAVE_STDLIB_H 1
| #define HAVE_STRING_H 1
| #define HAVE_MEMORY_H 1
| #define HAVE_STRINGS_H 1
| #define HAVE_INTTYPES_H 1
| #define HAVE_STDINT_H 1
| #define HAVE_UNISTD_H 1
| #define HAVE_DLFCN_H 1
| #ifdef __cplusplus
| extern "C" void exit (int) throw ();
| #endif
| #define STDC_HEADERS 1
| #define HAVE_FCNTL_H 1
| #define HAVE_UNISTD_H 1
| #define HAVE_STRCASECMP 1
| #define HAVE_STRDUP 1
| #define HAVE_GETOPT_LONG 1
| #define HAVE_FSEEKO 1
| /* end confdefs.h.  */
| #include <stdio.h>
| #if HAVE_SYS_TYPES_H
| # include <sys/types.h>
| #endif
| #if HAVE_SYS_STAT_H
| # include <sys/stat.h>
| #endif
| #if STDC_HEADERS
| # include <stdlib.h>
| # include <stddef.h>
| #else
| # if HAVE_STDLIB_H
| #  include <stdlib.h>
| # endif
| #endif
| #if HAVE_STRING_H
| # if !STDC_HEADERS && HAVE_MEMORY_H
| #  include <memory.h>
| # endif
| # include <string.h>
| #endif
| #if HAVE_STRINGS_H
| # include <strings.h>
| #endif
| #if HAVE_INTTYPES_H
| # include <inttypes.h>
| #else
| # if HAVE_STDINT_H
| #  include <stdint.h>
| # endif
| #endif
| #if HAVE_UNISTD_H
| # include <unistd.h>
| #endif
| #include <machine/soundcard.h>
configure:20880: result: no
configure:20884: checking machine/soundcard.h presence
configure:20894: gcc -E  conftest.c
conftest.c:32:10: fatal error: 'machine/soundcard.h' file not found
#include <machine/soundcard.h>
         ^
1 error generated.
configure:20900: $? = 1
configure: failed program was:
| /* confdefs.h.  */
| 
| #define PACKAGE_NAME "SoX"
| #define PACKAGE_TARNAME "sox"
| #define PACKAGE_VERSION "13.0.0"
| #define PACKAGE_STRING "SoX 13.0.0"
| #define PACKAGE_BUGREPORT "sox-devel@lists.sourceforge.net"
| #define PACKAGE "sox"
| #define VERSION "13.0.0"
| #define STDC_HEADERS 1
| #define HAVE_SYS_TYPES_H 1
| #define HAVE_SYS_STAT_H 1
| #define HAVE_STDLIB_H 1
| #define HAVE_STRING_H 1
| #define HAVE_MEMORY_H 1
| #define HAVE_STRINGS_H 1
| #define HAVE_INTTYPES_H 1
| #define HAVE_STDINT_H 1
| #define HAVE_UNISTD_H 1
| #define HAVE_DLFCN_H 1
| #ifdef __cplusplus
| extern "C" void exit (int) throw ();
| #endif
| #define STDC_HEADERS 1
| #define HAVE_FCNTL_H 1
| #define HAVE_UNISTD_H 1
| #define HAVE_STRCASECMP 1
| #define HAVE_STRDUP 1
| #define HAVE_GETOPT_LONG 1
| #define HAVE_FSEEKO 1
| /* end confdefs.h.  */
| #include <machine/soundcard.h>
configure:20920: result: no
configure:20955: checking for machine/soundcard.h
configure:20962: result: no
configure:20998: checking sys/audioio.h usability
configure:21010: gcc -c -g -O2 -Wall -W -Wmissing-prototypes -Wstrict-prototypes -pedantic  conftest.c >&5
conftest.c:66:10: fatal error: 'sys/audioio.h' file not found
#include <sys/audioio.h>
         ^
1 error generated.
configure:21016: $? = 1
configure: failed program was:
| /* confdefs.h.  */
| 
| #define PACKAGE_NAME "SoX"
| #define PACKAGE_TARNAME "sox"
| #define PACKAGE_VERSION "13.0.0"
| #define PACKAGE_STRING "SoX 13.0.0"
| #define PACKAGE_BUGREPORT "sox-devel@lists.sourceforge.net"
| #define PACKAGE "sox"
| #define VERSION "13.0.0"
| #define STDC_HEADERS 1
| #define HAVE_SYS_TYPES_H 1
| #define HAVE_SYS_STAT_H 1
| #define HAVE_STDLIB_H 1
| #define HAVE_STRING_H 1
| #define HAVE_MEMORY_H 1
| #define HAVE_STRINGS_H 1
| #define HAVE_INTTYPES_H 1
| #define HAVE_STDINT_H 1
| #define HAVE_UNISTD_H 1
| #define HAVE_DLFCN_H 1
| #ifdef __cplusplus
| extern "C" void exit (int) throw ();
| #endif
| #define STDC_HEADERS 1
| #define HAVE_FCNTL_H 1
| #define HAVE_UNISTD_H 1
| #define HAVE_STRCASECMP 1
| #define HAVE_STRDUP 1
| #define HAVE_GETOPT_LONG 1
| #define HAVE_FSEEKO 1
| /* end confdefs.h.  */
| #include <stdio.h>
| #if HAVE_SYS_TYPES_H
| # include <sys/types.h>
| #endif
| #if HAVE_SYS_STAT_H
| # include <sys/stat.h>
| #endif
| #if STDC_HEADERS
| # include <stdlib.h>
| # include <stddef.h>
| #else
| # if HAVE_STDLIB_H
| #  include <stdlib.h>
| # endif
| #endif
| #if HAVE_STRING_H
| # if !STDC_HEADERS && HAVE_MEMORY_H
| #  include <memory.h>
| # endif
| # include <string.h>
| #endif
| #if HAVE_STRINGS_H
| # include <strings.h>
| #endif
| #if HAVE_INTTYPES_H
| # include <inttypes.h>
| #else
| # if HAVE_STDINT_H
| #  include <stdint.h>
| # endif
| #endif
| #if HAVE_UNISTD_H
| # include <unistd.h>
| #endif
| #include <sys/audioio.h>
configure:21039: result: no
configure:21043: checking sys/audioio.h presence
configure:21053: gcc -E  conftest.c
conftest.c:32:10: fatal error: 'sys/audioio.h' file not found
#include <sys/audioio.h>
         ^
1 error generated.
configure:21059: $? = 1
configure: failed program was:
| /* confdefs.h.  */
| 
| #define PACKAGE_NAME "SoX"
| #define PACKAGE_TARNAME "sox"
| #define PACKAGE_VERSION "13.0.0"
| #define PACKAGE_STRING "SoX 13.0.0"
| #define PACKAGE_BUGREPORT "sox-devel@lists.sourceforge.net"
| #define PACKAGE "sox"
| #define VERSION "13.0.0"
| #define STDC_HEADERS 1
| #define HAVE_SYS_TYPES_H 1
| #define HAVE_SYS_STAT_H 1
| #define HAVE_STDLIB_H 1
| #define HAVE_STRING_H 1
| #define HAVE_MEMORY_H 1
| #define HAVE_STRINGS_H 1
| #define HAVE_INTTYPES_H 1
| #define HAVE_STDINT_H 1
| #define HAVE_UNISTD_H 1
| #define HAVE_DLFCN_H 1
| #ifdef __cplusplus
| extern "C" void exit (int) throw ();
| #endif
| #define STDC_HEADERS 1
| #define HAVE_FCNTL_H 1
| #define HAVE_UNISTD_H 1
| #define HAVE_STRCASECMP 1
| #define HAVE_STRDUP 1
| #define HAVE_GETOPT_LONG 1
| #define HAVE_FSEEKO 1
| /* end confdefs.h.  */
| #include <sys/audioio.h>
configure:21079: result: no
configure:21114: checking for sys/audioio.h
configure:21121: result: no
configure:21148: checking sun/audioio.h usability
configure:21160: gcc -c -g -O2 -Wall -W -Wmissing-prototypes -Wstrict-prototypes -pedantic  conftest.c >&5
conftest.c:66:10: fatal error: 'sun/audioio.h' file not found
#include <sun/audioio.h>
         ^
1 error generated.
configure:21166: $? = 1
configure: failed program was:
| /* confdefs.h.  */
| 
| #define PACKAGE_NAME "SoX"
| #define PACKAGE_TARNAME "sox"
| #define PACKAGE_VERSION "13.0.0"
| #define PACKAGE_STRING "SoX 13.0.0"
| #define PACKAGE_BUGREPORT "sox-devel@lists.sourceforge.net"
| #define PACKAGE "sox"
| #define VERSION "13.0.0"
| #define STDC_HEADERS 1
| #define HAVE_SYS_TYPES_H 1
| #define HAVE_SYS_STAT_H 1
| #define HAVE_STDLIB_H 1
| #define HAVE_STRING_H 1
| #define HAVE_MEMORY_H 1
| #define HAVE_STRINGS_H 1
| #define HAVE_INTTYPES_H 1
| #define HAVE_STDINT_H 1
| #define HAVE_UNISTD_H 1
| #define HAVE_DLFCN_H 1
| #ifdef __cplusplus
| extern "C" void exit (int) throw ();
| #endif
| #define STDC_HEADERS 1
| #define HAVE_FCNTL_H 1
| #define HAVE_UNISTD_H 1
| #define HAVE_STRCASECMP 1
| #define HAVE_STRDUP 1
| #define HAVE_GETOPT_LONG 1
| #define HAVE_FSEEKO 1
| /* end confdefs.h.  */
| #include <stdio.h>
| #if HAVE_SYS_TYPES_H
| # include <sys/types.h>
| #endif
| #if HAVE_SYS_STAT_H
| # include <sys/stat.h>
| #endif
| #if STDC_HEADERS
| # include <stdlib.h>
| # include <stddef.h>
| #else
| # if HAVE_STDLIB_H
| #  include <stdlib.h>
| # endif
| #endif
| #if HAVE_STRING_H
| # if !STDC_HEADERS && HAVE_MEMORY_H
| #  include <memory.h>
| # endif
| # include <string.h>
| #endif
| #if HAVE_STRINGS_H
| # include <strings.h>
| #endif
| #if HAVE_INTTYPES_H
| # include <inttypes.h>
| #else
| # if HAVE_STDINT_H
| #  include <stdint.h>
| # endif
| #endif
| #if HAVE_UNISTD_H
| # include <unistd.h>
| #endif
| #include <sun/audioio.h>
configure:21189: result: no
configure:21193: checking sun/audioio.h presence
configure:21203: gcc -E  conftest.c
conftest.c:32:10: fatal error: 'sun/audioio.h' file not found
#include <sun/audioio.h>
         ^
1 error generated.
configure:21209: $? = 1
configure: failed program was:
| /* confdefs.h.  */
| 
| #define PACKAGE_NAME "SoX"
| #define PACKAGE_TARNAME "sox"
| #define PACKAGE_VERSION "13.0.0"
| #define PACKAGE_STRING "SoX 13.0.0"
| #define PACKAGE_BUGREPORT "sox-devel@lists.sourceforge.net"
| #define PACKAGE "sox"
| #define VERSION "13.0.0"
| #define STDC_HEADERS 1
| #define HAVE_SYS_TYPES_H 1
| #define HAVE_SYS_STAT_H 1
| #define HAVE_STDLIB_H 1
| #define HAVE_STRING_H 1
| #define HAVE_MEMORY_H 1
| #define HAVE_STRINGS_H 1
| #define HAVE_INTTYPES_H 1
| #define HAVE_STDINT_H 1
| #define HAVE_UNISTD_H 1
| #define HAVE_DLFCN_H 1
| #ifdef __cplusplus
| extern "C" void exit (int) throw ();
| #endif
| #define STDC_HEADERS 1
| #define HAVE_FCNTL_H 1
| #define HAVE_UNISTD_H 1
| #define HAVE_STRCASECMP 1
| #define HAVE_STRDUP 1
| #define HAVE_GETOPT_LONG 1
| #define HAVE_FSEEKO 1
| /* end confdefs.h.  */
| #include <sun/audioio.h>
configure:21229: result: no
configure:21264: checking for sun/audioio.h
configure:21271: result: no
configure:21306: checking gsm/gsm.h usability
configure:21318: gcc -c -g -O2 -Wall -W -Wmissing-prototypes -Wstrict-prototypes -pedantic  conftest.c >&5
conftest.c:66:10: fatal error: 'gsm/gsm.h' file not found
#include <gsm/gsm.h>
         ^
1 error generated.
configure:21324: $? = 1
configure: failed program was:
| /* confdefs.h.  */
| 
| #define PACKAGE_NAME "SoX"
| #define PACKAGE_TARNAME "sox"
| #define PACKAGE_VERSION "13.0.0"
| #define PACKAGE_STRING "SoX 13.0.0"
| #define PACKAGE_BUGREPORT "sox-devel@lists.sourceforge.net"
| #define PACKAGE "sox"
| #define VERSION "13.0.0"
| #define STDC_HEADERS 1
| #define HAVE_SYS_TYPES_H 1
| #define HAVE_SYS_STAT_H 1
| #define HAVE_STDLIB_H 1
| #define HAVE_STRING_H 1
| #define HAVE_MEMORY_H 1
| #define HAVE_STRINGS_H 1
| #define HAVE_INTTYPES_H 1
| #define HAVE_STDINT_H 1
| #define HAVE_UNISTD_H 1
| #define HAVE_DLFCN_H 1
| #ifdef __cplusplus
| extern "C" void exit (int) throw ();
| #endif
| #define STDC_HEADERS 1
| #define HAVE_FCNTL_H 1
| #define HAVE_UNISTD_H 1
| #define HAVE_STRCASECMP 1
| #define HAVE_STRDUP 1
| #define HAVE_GETOPT_LONG 1
| #define HAVE_FSEEKO 1
| /* end confdefs.h.  */
| #include <stdio.h>
| #if HAVE_SYS_TYPES_H
| # include <sys/types.h>
| #endif
| #if HAVE_SYS_STAT_H
| # include <sys/stat.h>
| #endif
| #if STDC_HEADERS
| # include <stdlib.h>
| # include <stddef.h>
| #else
| # if HAVE_STDLIB_H
| #  include <stdlib.h>
| # endif
| #endif
| #if HAVE_STRING_H
| # if !STDC_HEADERS && HAVE_MEMORY_H
| #  include <memory.h>
| # endif
| # include <string.h>
| #endif
| #if HAVE_STRINGS_H
| # include <strings.h>
| #endif
| #if HAVE_INTTYPES_H
| # include <inttypes.h>
| #else
| # if HAVE_STDINT_H
| #  include <stdint.h>
| # endif
| #endif
| #if HAVE_UNISTD_H
| # include <unistd.h>
| #endif
| #include <gsm/gsm.h>
configure:21347: result: no
configure:21351: checking gsm/gsm.h presence
configure:21361: gcc -E  conftest.c
conftest.c:32:10: fatal error: 'gsm/gsm.h' file not found
#include <gsm/gsm.h>
         ^
1 error generated.
configure:21367: $? = 1
configure: failed program was:
| /* confdefs.h.  */
| 
| #define PACKAGE_NAME "SoX"
| #define PACKAGE_TARNAME "sox"
| #define PACKAGE_VERSION "13.0.0"
| #define PACKAGE_STRING "SoX 13.0.0"
| #define PACKAGE_BUGREPORT "sox-devel@lists.sourceforge.net"
| #define PACKAGE "sox"
| #define VERSION "13.0.0"
| #define STDC_HEADERS 1
| #define HAVE_SYS_TYPES_H 1
| #define HAVE_SYS_STAT_H 1
| #define HAVE_STDLIB_H 1
| #define HAVE_STRING_H 1
| #define HAVE_MEMORY_H 1
| #define HAVE_STRINGS_H 1
| #define HAVE_INTTYPES_H 1
| #define HAVE_STDINT_H 1
| #define HAVE_UNISTD_H 1
| #define HAVE_DLFCN_H 1
| #ifdef __cplusplus
| extern "C" void exit (int) throw ();
| #endif
| #define STDC_HEADERS 1
| #define HAVE_FCNTL_H 1
| #define HAVE_UNISTD_H 1
| #define HAVE_STRCASECMP 1
| #define HAVE_STRDUP 1
| #define HAVE_GETOPT_LONG 1
| #define HAVE_FSEEKO 1
| /* end confdefs.h.  */
| #include <gsm/gsm.h>
configure:21387: result: no
configure:21422: checking for gsm/gsm.h
configure:21429: result: no
configure:21536: checking for SNDFILE
configure:21963: Could not find a usable libsndfile
configure:21981: checking vorbis/codec.h usability
configure:21993: gcc -c -g -O2 -Wall -W -Wmissing-prototypes -Wstrict-prototypes -pedantic  conftest.c >&5
conftest.c:66:10: fatal error: 'vorbis/codec.h' file not found
#include <vorbis/codec.h>
         ^
1 error generated.
configure:21999: $? = 1
configure: failed program was:
| /* confdefs.h.  */
| 
| #define PACKAGE_NAME "SoX"
| #define PACKAGE_TARNAME "sox"
| #define PACKAGE_VERSION "13.0.0"
| #define PACKAGE_STRING "SoX 13.0.0"
| #define PACKAGE_BUGREPORT "sox-devel@lists.sourceforge.net"
| #define PACKAGE "sox"
| #define VERSION "13.0.0"
| #define STDC_HEADERS 1
| #define HAVE_SYS_TYPES_H 1
| #define HAVE_SYS_STAT_H 1
| #define HAVE_STDLIB_H 1
| #define HAVE_STRING_H 1
| #define HAVE_MEMORY_H 1
| #define HAVE_STRINGS_H 1
| #define HAVE_INTTYPES_H 1
| #define HAVE_STDINT_H 1
| #define HAVE_UNISTD_H 1
| #define HAVE_DLFCN_H 1
| #ifdef __cplusplus
| extern "C" void exit (int) throw ();
| #endif
| #define STDC_HEADERS 1
| #define HAVE_FCNTL_H 1
| #define HAVE_UNISTD_H 1
| #define HAVE_STRCASECMP 1
| #define HAVE_STRDUP 1
| #define HAVE_GETOPT_LONG 1
| #define HAVE_FSEEKO 1
| /* end confdefs.h.  */
| #include <stdio.h>
| #if HAVE_SYS_TYPES_H
| # include <sys/types.h>
| #endif
| #if HAVE_SYS_STAT_H
| # include <sys/stat.h>
| #endif
| #if STDC_HEADERS
| # include <stdlib.h>
| # include <stddef.h>
| #else
| # if HAVE_STDLIB_H
| #  include <stdlib.h>
| # endif
| #endif
| #if HAVE_STRING_H
| # if !STDC_HEADERS && HAVE_MEMORY_H
| #  include <memory.h>
| # endif
| # include <string.h>
| #endif
| #if HAVE_STRINGS_H
| # include <strings.h>
| #endif
| #if HAVE_INTTYPES_H
| # include <inttypes.h>
| #else
| # if HAVE_STDINT_H
| #  include <stdint.h>
| # endif
| #endif
| #if HAVE_UNISTD_H
| # include <unistd.h>
| #endif
| #include <vorbis/codec.h>
configure:22022: result: no
configure:22026: checking vorbis/codec.h presence
configure:22036: gcc -E  conftest.c
conftest.c:32:10: fatal error: 'vorbis/codec.h' file not found
#include <vorbis/codec.h>
         ^
1 error generated.
configure:22042: $? = 1
configure: failed program was:
| /* confdefs.h.  */
| 
| #define PACKAGE_NAME "SoX"
| #define PACKAGE_TARNAME "sox"
| #define PACKAGE_VERSION "13.0.0"
| #define PACKAGE_STRING "SoX 13.0.0"
| #define PACKAGE_BUGREPORT "sox-devel@lists.sourceforge.net"
| #define PACKAGE "sox"
| #define VERSION "13.0.0"
| #define STDC_HEADERS 1
| #define HAVE_SYS_TYPES_H 1
| #define HAVE_SYS_STAT_H 1
| #define HAVE_STDLIB_H 1
| #define HAVE_STRING_H 1
| #define HAVE_MEMORY_H 1
| #define HAVE_STRINGS_H 1
| #define HAVE_INTTYPES_H 1
| #define HAVE_STDINT_H 1
| #define HAVE_UNISTD_H 1
| #define HAVE_DLFCN_H 1
| #ifdef __cplusplus
| extern "C" void exit (int) throw ();
| #endif
| #define STDC_HEADERS 1
| #define HAVE_FCNTL_H 1
| #define HAVE_UNISTD_H 1
| #define HAVE_STRCASECMP 1
| #define HAVE_STRDUP 1
| #define HAVE_GETOPT_LONG 1
| #define HAVE_FSEEKO 1
| /* end confdefs.h.  */
| #include <vorbis/codec.h>
configure:22062: result: no
configure:22097: checking for vorbis/codec.h
configure:22104: result: no
configure:22363: checking FLAC/file_encoder.h usability
configure:22375: gcc -c -g -O2 -Wall -W -Wmissing-prototypes -Wstrict-prototypes -pedantic  conftest.c >&5
conftest.c:66:10: fatal error: 'FLAC/file_encoder.h' file not found
#include <FLAC/file_encoder.h>
         ^
1 error generated.
configure:22381: $? = 1
configure: failed program was:
| /* confdefs.h.  */
| 
| #define PACKAGE_NAME "SoX"
| #define PACKAGE_TARNAME "sox"
| #define PACKAGE_VERSION "13.0.0"
| #define PACKAGE_STRING "SoX 13.0.0"
| #define PACKAGE_BUGREPORT "sox-devel@lists.sourceforge.net"
| #define PACKAGE "sox"
| #define VERSION "13.0.0"
| #define STDC_HEADERS 1
| #define HAVE_SYS_TYPES_H 1
| #define HAVE_SYS_STAT_H 1
| #define HAVE_STDLIB_H 1
| #define HAVE_STRING_H 1
| #define HAVE_MEMORY_H 1
| #define HAVE_STRINGS_H 1
| #define HAVE_INTTYPES_H 1
| #define HAVE_STDINT_H 1
| #define HAVE_UNISTD_H 1
| #define HAVE_DLFCN_H 1
| #ifdef __cplusplus
| extern "C" void exit (int) throw ();
| #endif
| #define STDC_HEADERS 1
| #define HAVE_FCNTL_H 1
| #define HAVE_UNISTD_H 1
| #define HAVE_STRCASECMP 1
| #define HAVE_STRDUP 1
| #define HAVE_GETOPT_LONG 1
| #define HAVE_FSEEKO 1
| /* end confdefs.h.  */
| #include <stdio.h>
| #if HAVE_SYS_TYPES_H
| # include <sys/types.h>
| #endif
| #if HAVE_SYS_STAT_H
| # include <sys/stat.h>
| #endif
| #if STDC_HEADERS
| # include <stdlib.h>
| # include <stddef.h>
| #else
| # if HAVE_STDLIB_H
| #  include <stdlib.h>
| # endif
| #endif
| #if HAVE_STRING_H
| # if !STDC_HEADERS && HAVE_MEMORY_H
| #  include <memory.h>
| # endif
| # include <string.h>
| #endif
| #if HAVE_STRINGS_H
| # include <strings.h>
| #endif
| #if HAVE_INTTYPES_H
| # include <inttypes.h>
| #else
| # if HAVE_STDINT_H
| #  include <stdint.h>
| # endif
| #endif
| #if HAVE_UNISTD_H
| # include <unistd.h>
| #endif
| #include <FLAC/file_encoder.h>
configure:22404: result: no
configure:22408: checking FLAC/file_encoder.h presence
configure:22418: gcc -E  conftest.c
conftest.c:32:10: fatal error: 'FLAC/file_encoder.h' file not found
#include <FLAC/file_encoder.h>
         ^
1 error generated.
configure:22424: $? = 1
configure: failed program was:
| /* confdefs.h.  */
| 
| #define PACKAGE_NAME "SoX"
| #define PACKAGE_TARNAME "sox"
| #define PACKAGE_VERSION "13.0.0"
| #define PACKAGE_STRING "SoX 13.0.0"
| #define PACKAGE_BUGREPORT "sox-devel@lists.sourceforge.net"
| #define PACKAGE "sox"
| #define VERSION "13.0.0"
| #define STDC_HEADERS 1
| #define HAVE_SYS_TYPES_H 1
| #define HAVE_SYS_STAT_H 1
| #define HAVE_STDLIB_H 1
| #define HAVE_STRING_H 1
| #define HAVE_MEMORY_H 1
| #define HAVE_STRINGS_H 1
| #define HAVE_INTTYPES_H 1
| #define HAVE_STDINT_H 1
| #define HAVE_UNISTD_H 1
| #define HAVE_DLFCN_H 1
| #ifdef __cplusplus
| extern "C" void exit (int) throw ();
| #endif
| #define STDC_HEADERS 1
| #define HAVE_FCNTL_H 1
| #define HAVE_UNISTD_H 1
| #define HAVE_STRCASECMP 1
| #define HAVE_STRDUP 1
| #define HAVE_GETOPT_LONG 1
| #define HAVE_FSEEKO 1
| /* end confdefs.h.  */
| #include <FLAC/file_encoder.h>
configure:22444: result: no
configure:22479: checking for FLAC/file_encoder.h
configure:22486: result: no
configure:22593: checking mad.h usability
configure:22605: gcc -c -g -O2 -Wall -W -Wmissing-prototypes -Wstrict-prototypes -pedantic  conftest.c >&5
conftest.c:66:10: fatal error: 'mad.h' file not found
#include <mad.h>
         ^
1 error generated.
configure:22611: $? = 1
configure: failed program was:
| /* confdefs.h.  */
| 
| #define PACKAGE_NAME "SoX"
| #define PACKAGE_TARNAME "sox"
| #define PACKAGE_VERSION "13.0.0"
| #define PACKAGE_STRING "SoX 13.0.0"
| #define PACKAGE_BUGREPORT "sox-devel@lists.sourceforge.net"
| #define PACKAGE "sox"
| #define VERSION "13.0.0"
| #define STDC_HEADERS 1
| #define HAVE_SYS_TYPES_H 1
| #define HAVE_SYS_STAT_H 1
| #define HAVE_STDLIB_H 1
| #define HAVE_STRING_H 1
| #define HAVE_MEMORY_H 1
| #define HAVE_STRINGS_H 1
| #define HAVE_INTTYPES_H 1
| #define HAVE_STDINT_H 1
| #define HAVE_UNISTD_H 1
| #define HAVE_DLFCN_H 1
| #ifdef __cplusplus
| extern "C" void exit (int) throw ();
| #endif
| #define STDC_HEADERS 1
| #define HAVE_FCNTL_H 1
| #define HAVE_UNISTD_H 1
| #define HAVE_STRCASECMP 1
| #define HAVE_STRDUP 1
| #define HAVE_GETOPT_LONG 1
| #define HAVE_FSEEKO 1
| /* end confdefs.h.  */
| #include <stdio.h>
| #if HAVE_SYS_TYPES_H
| # include <sys/types.h>
| #endif
| #if HAVE_SYS_STAT_H
| # include <sys/stat.h>
| #endif
| #if STDC_HEADERS
| # include <stdlib.h>
| # include <stddef.h>
| #else
| # if HAVE_STDLIB_H
| #  include <stdlib.h>
| # endif
| #endif
| #if HAVE_STRING_H
| # if !STDC_HEADERS && HAVE_MEMORY_H
| #  include <memory.h>
| # endif
| # include <string.h>
| #endif
| #if HAVE_STRINGS_H
| # include <strings.h>
| #endif
| #if HAVE_INTTYPES_H
| # include <inttypes.h>
| #else
| # if HAVE_STDINT_H
| #  include <stdint.h>
| # endif
| #endif
| #if HAVE_UNISTD_H
| # include <unistd.h>
| #endif
| #include <mad.h>
configure:22634: result: no
configure:22638: checking mad.h presence
configure:22648: gcc -E  conftest.c
conftest.c:32:10: fatal error: 'mad.h' file not found
#include <mad.h>
         ^
1 error generated.
configure:22654: $? = 1
configure: failed program was:
| /* confdefs.h.  */
| 
| #define PACKAGE_NAME "SoX"
| #define PACKAGE_TARNAME "sox"
| #define PACKAGE_VERSION "13.0.0"
| #define PACKAGE_STRING "SoX 13.0.0"
| #define PACKAGE_BUGREPORT "sox-devel@lists.sourceforge.net"
| #define PACKAGE "sox"
| #define VERSION "13.0.0"
| #define STDC_HEADERS 1
| #define HAVE_SYS_TYPES_H 1
| #define HAVE_SYS_STAT_H 1
| #define HAVE_STDLIB_H 1
| #define HAVE_STRING_H 1
| #define HAVE_MEMORY_H 1
| #define HAVE_STRINGS_H 1
| #define HAVE_INTTYPES_H 1
| #define HAVE_STDINT_H 1
| #define HAVE_UNISTD_H 1
| #define HAVE_DLFCN_H 1
| #ifdef __cplusplus
| extern "C" void exit (int) throw ();
| #endif
| #define STDC_HEADERS 1
| #define HAVE_FCNTL_H 1
| #define HAVE_UNISTD_H 1
| #define HAVE_STRCASECMP 1
| #define HAVE_STRDUP 1
| #define HAVE_GETOPT_LONG 1
| #define HAVE_FSEEKO 1
| /* end confdefs.h.  */
| #include <mad.h>
configure:22674: result: no
configure:22709: checking for mad.h
configure:22716: result: no
configure:22823: checking lame/lame.h usability
configure:22835: gcc -c -g -O2 -Wall -W -Wmissing-prototypes -Wstrict-prototypes -pedantic  conftest.c >&5
conftest.c:66:10: fatal error: 'lame/lame.h' file not found
#include <lame/lame.h>
         ^
1 error generated.
configure:22841: $? = 1
configure: failed program was:
| /* confdefs.h.  */
| 
| #define PACKAGE_NAME "SoX"
| #define PACKAGE_TARNAME "sox"
| #define PACKAGE_VERSION "13.0.0"
| #define PACKAGE_STRING "SoX 13.0.0"
| #define PACKAGE_BUGREPORT "sox-devel@lists.sourceforge.net"
| #define PACKAGE "sox"
| #define VERSION "13.0.0"
| #define STDC_HEADERS 1
| #define HAVE_SYS_TYPES_H 1
| #define HAVE_SYS_STAT_H 1
| #define HAVE_STDLIB_H 1
| #define HAVE_STRING_H 1
| #define HAVE_MEMORY_H 1
| #define HAVE_STRINGS_H 1
| #define HAVE_INTTYPES_H 1
| #define HAVE_STDINT_H 1
| #define HAVE_UNISTD_H 1
| #define HAVE_DLFCN_H 1
| #ifdef __cplusplus
| extern "C" void exit (int) throw ();
| #endif
| #define STDC_HEADERS 1
| #define HAVE_FCNTL_H 1
| #define HAVE_UNISTD_H 1
| #define HAVE_STRCASECMP 1
| #define HAVE_STRDUP 1
| #define HAVE_GETOPT_LONG 1
| #define HAVE_FSEEKO 1
| /* end confdefs.h.  */
| #include <stdio.h>
| #if HAVE_SYS_TYPES_H
| # include <sys/types.h>
| #endif
| #if HAVE_SYS_STAT_H
| # include <sys/stat.h>
| #endif
| #if STDC_HEADERS
| # include <stdlib.h>
| # include <stddef.h>
| #else
| # if HAVE_STDLIB_H
| #  include <stdlib.h>
| # endif
| #endif
| #if HAVE_STRING_H
| # if !STDC_HEADERS && HAVE_MEMORY_H
| #  include <memory.h>
| # endif
| # include <string.h>
| #endif
| #if HAVE_STRINGS_H
| # include <strings.h>
| #endif
| #if HAVE_INTTYPES_H
| # include <inttypes.h>
| #else
| # if HAVE_STDINT_H
| #  include <stdint.h>
| # endif
| #endif
| #if HAVE_UNISTD_H
| # include <unistd.h>
| #endif
| #include <lame/lame.h>
configure:22864: result: no
configure:22868: checking lame/lame.h presence
configure:22878: gcc -E  conftest.c
conftest.c:32:10: fatal error: 'lame/lame.h' file not found
#include <lame/lame.h>
         ^
1 error generated.
configure:22884: $? = 1
configure: failed program was:
| /* confdefs.h.  */
| 
| #define PACKAGE_NAME "SoX"
| #define PACKAGE_TARNAME "sox"
| #define PACKAGE_VERSION "13.0.0"
| #define PACKAGE_STRING "SoX 13.0.0"
| #define PACKAGE_BUGREPORT "sox-devel@lists.sourceforge.net"
| #define PACKAGE "sox"
| #define VERSION "13.0.0"
| #define STDC_HEADERS 1
| #define HAVE_SYS_TYPES_H 1
| #define HAVE_SYS_STAT_H 1
| #define HAVE_STDLIB_H 1
| #define HAVE_STRING_H 1
| #define HAVE_MEMORY_H 1
| #define HAVE_STRINGS_H 1
| #define HAVE_INTTYPES_H 1
| #define HAVE_STDINT_H 1
| #define HAVE_UNISTD_H 1
| #define HAVE_DLFCN_H 1
| #ifdef __cplusplus
| extern "C" void exit (int) throw ();
| #endif
| #define STDC_HEADERS 1
| #define HAVE_FCNTL_H 1
| #define HAVE_UNISTD_H 1
| #define HAVE_STRCASECMP 1
| #define HAVE_STRDUP 1
| #define HAVE_GETOPT_LONG 1
| #define HAVE_FSEEKO 1
| /* end confdefs.h.  */
| #include <lame/lame.h>
configure:22904: result: no
configure:22939: checking for lame/lame.h
configure:22946: result: no
configure:23047: checking for SAMPLERATE
configure:23376: Could not find a usable libsamplerate
configure:23385: checking for stdint types
configure:23413: gcc -c   conftest.c >&5
configure:23419: $? = 0
configure:23423: test -z 
			 || test ! -s conftest.err
configure:23426: $? = 0
configure:23429: test -s conftest.o
configure:23432: $? = 0
configure:23509: result: stdint.h (shortcircuit)
configure:26287: result: make use of stdint.h in src/ststdint.h (assuming C99 compatible system)
configure:26419: creating ./config.status

## ---------------------- ##
## Running config.status. ##
## ---------------------- ##

This file was extended by SoX config.status 13.0.0, which was
generated by GNU Autoconf 2.59.  Invocation command line was

  CONFIG_FILES    = 
  CONFIG_HEADERS  = 
  CONFIG_LINKS    = 
  CONFIG_COMMANDS = 
  $ ./config.status 

on Jaegus-MacBook-Air.local

config.status:749: creating Makefile
config.status:749: creating src/Makefile
config.status:749: creating src/libgsm/Makefile
config.status:749: creating src/libst-config
config.status:853: creating src/stconfig.h
config.status:1155: executing depfiles commands
config.status:1155: executing src/ststdint.h commands
config.status:1244: creating src/ststdint.h : _SOX_SRC_STSTDINT_H

## ---------------- ##
## Cache variables. ##
## ---------------- ##

ac_cv_build=i686-apple-darwin14.1.0
ac_cv_build_alias=i686-apple-darwin14.1.0
ac_cv_c_bigendian=no
ac_cv_c_compiler_gnu=yes
ac_cv_c_inline=inline
ac_cv_cxx_compiler_gnu=yes
ac_cv_env_CC_set=
ac_cv_env_CC_value=
ac_cv_env_CFLAGS_set=
ac_cv_env_CFLAGS_value=
ac_cv_env_CPPFLAGS_set=
ac_cv_env_CPPFLAGS_value=
ac_cv_env_CPP_set=
ac_cv_env_CPP_value=
ac_cv_env_CXXCPP_set=
ac_cv_env_CXXCPP_value=
ac_cv_env_CXXFLAGS_set=
ac_cv_env_CXXFLAGS_value=
ac_cv_env_CXX_set=
ac_cv_env_CXX_value=
ac_cv_env_F77_set=
ac_cv_env_F77_value=
ac_cv_env_FFLAGS_set=
ac_cv_env_FFLAGS_value=
ac_cv_env_LDFLAGS_set=
ac_cv_env_LDFLAGS_value=
ac_cv_env_PKG_CONFIG_set=
ac_cv_env_PKG_CONFIG_value=
ac_cv_env_SAMPLERATE_CFLAGS_set=
ac_cv_env_SAMPLERATE_CFLAGS_value=
ac_cv_env_SAMPLERATE_LIBS_set=
ac_cv_env_SAMPLERATE_LIBS_value=
ac_cv_env_SNDFILE_CFLAGS_set=
ac_cv_env_SNDFILE_CFLAGS_value=
ac_cv_env_SNDFILE_LIBS_set=
ac_cv_env_SNDFILE_LIBS_value=
ac_cv_env_build_alias_set=
ac_cv_env_build_alias_value=
ac_cv_env_host_alias_set=
ac_cv_env_host_alias_value=
ac_cv_env_target_alias_set=
ac_cv_env_target_alias_value=
ac_cv_exeext=
ac_cv_f77_compiler_gnu=no
ac_cv_func_fseeko=yes
ac_cv_func_getopt_long=yes
ac_cv_func_pow=yes
ac_cv_func_strcasecmp=yes
ac_cv_func_strdup=yes
ac_cv_header_FLAC_file_encoder_h=no
ac_cv_header_alsa_asoundlib_h=no
ac_cv_header_byteswap_h=no
ac_cv_header_dlfcn_h=yes
ac_cv_header_fcntl_h=yes
ac_cv_header_gsm_gsm_h=no
ac_cv_header_inttypes_h=yes
ac_cv_header_lame_lame_h=no
ac_cv_header_machine_soundcard_h=no
ac_cv_header_mad_h=no
ac_cv_header_memory_h=yes
ac_cv_header_stdc=yes
ac_cv_header_stdint=stdint.h
ac_cv_header_stdint_h=yes
ac_cv_header_stdint_t=stdint.h
ac_cv_header_stdlib_h=yes
ac_cv_header_string_h=yes
ac_cv_header_strings_h=yes
ac_cv_header_sun_audioio_h=no
ac_cv_header_sys_audioio_h=no
ac_cv_header_sys_soundcard_h=no
ac_cv_header_sys_stat_h=yes
ac_cv_header_sys_types_h=yes
ac_cv_header_unistd_h=yes
ac_cv_header_vorbis_codec_h=no
ac_cv_host=i686-apple-darwin14.1.0
ac_cv_host_alias=i686-apple-darwin14.1.0
ac_cv_objext=o
ac_cv_path_install='/usr/bin/install -c'
ac_cv_prog_AWK=awk
ac_cv_prog_CPP='gcc -E'
ac_cv_prog_CXXCPP='g++ -E'
ac_cv_prog_ac_ct_AR=ar
ac_cv_prog_ac_ct_CC=gcc
ac_cv_prog_ac_ct_CXX=g++
ac_cv_prog_ac_ct_RANLIB=ranlib
ac_cv_prog_ac_ct_STRIP=strip
ac_cv_prog_cc_g=yes
ac_cv_prog_cc_stdc=
ac_cv_prog_cxx_g=yes
ac_cv_prog_egrep='grep -E'
ac_cv_prog_f77_g=no
ac_cv_prog_make_make_set=yes
ac_cv_stdint_message='using gnu compiler Apple LLVM version 6.0 (clang-600.0.54) (based on LLVM 3.5svn)'
ac_cv_stdint_result='(assuming C99 compatible system)'
ac_cv_sys_file_offset_bits=no
ac_cv_sys_large_files=no
ac_cv_sys_largefile_CC=no
ac_cv_sys_largefile_source=no
am_cv_CC_dependencies_compiler_type=gcc3
am_cv_CXX_dependencies_compiler_type=gcc3
lt_cv_deplibs_check_method=pass_all
lt_cv_file_magic_cmd='$MAGIC_CMD'
lt_cv_file_magic_test_file=
lt_cv_ld_reload_flag=-r
lt_cv_objdir=.libs
lt_cv_path_LD=/Applications/Xcode.app/Contents/Developer/Toolchains/XcodeDefault.xctoolchain/usr/bin/ld
lt_cv_path_LDCXX=/Applications/Xcode.app/Contents/Developer/Toolchains/XcodeDefault.xctoolchain/usr/bin/ld
lt_cv_path_NM=/usr/bin/nm
lt_cv_path_SED=/usr/bin/sed
lt_cv_prog_compiler_c_o=yes
lt_cv_prog_compiler_c_o_CXX=yes
lt_cv_prog_compiler_rtti_exceptions=yes
lt_cv_prog_gnu_ld=no
lt_cv_prog_gnu_ldcxx=no
lt_cv_sys_global_symbol_pipe='sed -n -e '\''s/^.*[ 	]\([BCDEGRST][BCDEGRST]*\)[ 	][ 	]*_\([_A-Za-z][_A-Za-z0-9]*\)$/\1 _\2 \2/p'\'''
lt_cv_sys_global_symbol_to_c_name_address='sed -n -e '\''s/^: \([^ ]*\) $/  {\"\1\", (lt_ptr) 0},/p'\'' -e '\''s/^[BCDEGRST] \([^ ]*\) \([^ ]*\)$/  {"\2", (lt_ptr) \&\2},/p'\'''
lt_cv_sys_global_symbol_to_cdecl='sed -n -e '\''s/^. .* \(.*\)$/extern int \1;/p'\'''
lt_cv_sys_max_cmd_len=196608
lt_lt_cv_prog_compiler_c_o='"yes"'
lt_lt_cv_prog_compiler_c_o_CXX='"yes"'
lt_lt_cv_sys_global_symbol_pipe='"sed -n -e '\''s/^.*[ 	]\\([BCDEGRST][BCDEGRST]*\\)[ 	][ 	]*_\\([_A-Za-z][_A-Za-z0-9]*\\)\$/\\1 _\\2 \\2/p'\''"'
lt_lt_cv_sys_global_symbol_to_c_name_address='"sed -n -e '\''s/^: \\([^ ]*\\) \$/  {\\\"\\1\\\", (lt_ptr) 0},/p'\'' -e '\''s/^[BCDEGRST] \\([^ ]*\\) \\([^ ]*\\)\$/  {\"\\2\", (lt_ptr) \\&\\2},/p'\''"'
lt_lt_cv_sys_global_symbol_to_cdecl='"sed -n -e '\''s/^. .* \\(.*\\)\$/extern int \\1;/p'\''"'

## ----------------- ##
## Output variables. ##
## ----------------- ##

ACLOCAL='${SHELL} /Users/jaegukang/Downloads/sox-13.0.0/missing --run aclocal-1.9'
AMDEPBACKSLASH='\'
AMDEP_FALSE='#'
AMDEP_TRUE=''
AMTAR='${SHELL} /Users/jaegukang/Downloads/sox-13.0.0/missing --run tar'
AR='ar'
AUTOCONF='${SHELL} /Users/jaegukang/Downloads/sox-13.0.0/missing --run autoconf'
AUTOHEADER='${SHELL} /Users/jaegukang/Downloads/sox-13.0.0/missing --run autoheader'
AUTOMAKE='${SHELL} /Users/jaegukang/Downloads/sox-13.0.0/missing --run automake-1.9'
AWK='awk'
CC='gcc'
CCDEPMODE='depmode=gcc3'
CFLAGS='-g -O2 -Wall -W -Wmissing-prototypes -Wstrict-prototypes -pedantic'
CPP='gcc -E'
CPPFLAGS=''
CXX='g++'
CXXCPP='g++ -E'
CXXDEPMODE='depmode=gcc3'
CXXFLAGS='-g -O2'
CYGPATH_W='echo'
DEFS='-DHAVE_CONFIG_H'
DEPDIR='.deps'
ECHO='/bin/echo'
ECHO_C='ECHO_N=''
ECHO_T=''
EGREP='grep -E'
EXEEXT=''
F77=''
FFLAGS=''
GETOPT_LONG_FALSE=''
GETOPT_LONG_TRUE='#'
INSTALL_DATA='${INSTALL} -m 644'
INSTALL_PROGRAM='${INSTALL}'
INSTALL_SCRIPT='${INSTALL}'
INSTALL_STRIP_PROGRAM='${SHELL} $(install_sh) -c -s'
LDFLAGS=''
LIBGSM_LIBADD='libgsm/libgsm.la'
LIBGSM_SUBDIR='src/libgsm'
LIBOBJS=''
LIBS=''
LIBTOOL='$(SHELL) $(top_builddir)/libtool'
LIBTOOLFLAGS=''
LIBTOOL_DEPS='./ltmain.sh'
LN_S='ln -s'
LTLIBOBJS=''
MAKEINFO='${SHELL} /Users/jaegukang/Downloads/sox-13.0.0/missing --run makeinfo'
OBJEXT='o'
PACKAGE='sox'
PACKAGE_BUGREPORT='sox-devel@lists.sourceforge.net'
PACKAGE_NAME='SoX'
PACKAGE_STRING='SoX 13.0.0'
PACKAGE_TARNAME='sox'
PACKAGE_VERSION='13.0.0'
PATH_SEPARATOR=':'
PKG_CONFIG=''
RANLIB='ranlib'
SAMPLERATE_CFLAGS=''
SAMPLERATE_LIBS=''
SED='/usr/bin/sed'
SET_MAKE=''
SHELL='/bin/sh'
SNDFILE_CFLAGS=''
SNDFILE_LIBS=''
STRIP='strip'
VERSION='13.0.0'
ac_ct_AR='ar'
ac_ct_CC='gcc'
ac_ct_CXX='g++'
ac_ct_F77=''
ac_ct_RANLIB='ranlib'
ac_ct_STRIP='strip'
ac_pt_PKG_CONFIG=''
am__fastdepCC_FALSE='#'
am__fastdepCC_TRUE=''
am__fastdepCXX_FALSE='#'
am__fastdepCXX_TRUE=''
am__include='include'
am__leading_dot='.'
am__quote=''
am__tar='${AMTAR} chof - "$$tardir"'
am__untar='${AMTAR} xf -'
bindir='${exec_prefix}/bin'
build='i686-apple-darwin14.1.0'
build_alias=''
build_cpu='i686'
build_os='darwin14.1.0'
build_vendor='apple'
datadir='${prefix}/share'
exec_prefix='${prefix}'
host='i686-apple-darwin14.1.0'
host_alias=''
host_cpu='i686'
host_os='darwin14.1.0'
host_vendor='apple'
includedir='${prefix}/include'
infodir='${prefix}/info'
install_sh='/Users/jaegukang/Downloads/sox-13.0.0/install-sh'
libdir='${exec_prefix}/lib'
libexecdir='${exec_prefix}/libexec'
localstatedir='${prefix}/var'
mandir='${prefix}/man'
mkdir_p='$(install_sh) -d'
oldincludedir='/usr/include'
prefix='/usr/local'
program_transform_name='s,x,x,'
sbindir='${exec_prefix}/sbin'
sharedstatedir='${prefix}/com'
sysconfdir='${prefix}/etc'
target_alias=''

## ----------- ##
## confdefs.h. ##
## ----------- ##

#define HAVE_DLFCN_H 1
#define HAVE_FCNTL_H 1
#define HAVE_FSEEKO 1
#define HAVE_GETOPT_LONG 1
#define HAVE_INTTYPES_H 1
#define HAVE_MEMORY_H 1
#define HAVE_STDINT_H 1
#define HAVE_STDLIB_H 1
#define HAVE_STRCASECMP 1
#define HAVE_STRDUP 1
#define HAVE_STRINGS_H 1
#define HAVE_STRING_H 1
#define HAVE_SYS_STAT_H 1
#define HAVE_SYS_TYPES_H 1
#define HAVE_UNISTD_H 1
#define HAVE_UNISTD_H 1
#define PACKAGE "sox"
#define PACKAGE_BUGREPORT "sox-devel@lists.sourceforge.net"
#define PACKAGE_NAME "SoX"
#define PACKAGE_STRING "SoX 13.0.0"
#define PACKAGE_TARNAME "sox"
#define PACKAGE_VERSION "13.0.0"
#define STDC_HEADERS 1
#define STDC_HEADERS 1
#define VERSION "13.0.0"
#endif
#ifdef __cplusplus
extern "C" void exit (int) throw ();

configure: exit 0
